This is pdfTeX, Version 3.141592653-2.6-1.40.22 (TeX Live 2022/dev/Debian) (preloaded format=latex 2023.1.19)  25 JAN 2023 11:48
entering extended mode
 restricted \write18 enabled.
 %&-line parsing enabled.
**stdbook.tex
(./stdbook.tex
LaTeX2e <2021-11-15> patch level 1
L3 programming layer <2022-01-21>
(/usr/share/texlive/texmf-dist/tex/latex/base/book.cls
Document Class: book 2021/10/04 v1.4n Standard LaTeX document class
(/usr/share/texlive/texmf-dist/tex/latex/base/bk10.clo
File: bk10.clo 2021/10/04 v1.4n Standard LaTeX file (size option)
)
\c@part=\count185
\c@chapter=\count186
\c@section=\count187
\c@subsection=\count188
\c@subsubsection=\count189
\c@paragraph=\count190
\c@subparagraph=\count191
\c@figure=\count192
\c@table=\count193
\abovecaptionskip=\skip47
\belowcaptionskip=\skip48
\bibindent=\dimen138
)
(/usr/share/texmf/tex/latex/asymptote/asymptote.sty
Package: asymptote 2021/12/29 v1.37 Asymptote style file for LaTeX
 (./stdbook.pre)
\ASYbox=\box50
\ASYdimen=\dimen139
\c@asy=\count194
\AsyStream=\write3
\AsyPreStream=\write4

(/usr/share/texlive/texmf-dist/tex/latex/graphics/keyval.sty
Package: keyval 2014/10/28 v1.15 key=value parser (DPC)
\KV@toks@=\toks16
)
(/usr/share/texlive/texmf-dist/tex/latex/base/ifthen.sty
Package: ifthen 2020/11/24 v1.1c Standard LaTeX ifthen package (DPC)
)
(/usr/share/texlive/texmf-dist/tex/latex/graphics/graphicx.sty
Package: graphicx 2021/09/16 v1.2d Enhanced LaTeX Graphics (DPC,SPQR)

(/usr/share/texlive/texmf-dist/tex/latex/graphics/graphics.sty
Package: graphics 2021/03/04 v1.4d Standard LaTeX Graphics (DPC,SPQR)

(/usr/share/texlive/texmf-dist/tex/latex/graphics/trig.sty
Package: trig 2021/08/11 v1.11 sin cos tan (DPC)
)
(/usr/share/texlive/texmf-dist/tex/latex/graphics-cfg/graphics.cfg
File: graphics.cfg 2016/06/04 v1.11 sample graphics configuration
)
Package graphics Info: Driver file: dvips.def on input line 107.

(/usr/share/texlive/texmf-dist/tex/latex/graphics-def/dvips.def
File: dvips.def 2017/06/20 v3.1d Graphics/color driver for dvips
))
\Gin@req@height=\dimen140
\Gin@req@width=\dimen141
)
(/usr/share/texlive/texmf-dist/tex/generic/iftex/ifpdf.sty
Package: ifpdf 2019/10/25 v3.4 ifpdf legacy package. Use iftex instead.

(/usr/share/texlive/texmf-dist/tex/generic/iftex/iftex.sty
Package: iftex 2020/03/06 v1.0d TeX engine tests
))
(/usr/share/texlive/texmf-dist/tex/generic/iftex/ifxetex.sty
Package: ifxetex 2019/10/25 v0.7 ifxetex legacy package. Use iftex instead.
)
(/usr/share/texlive/texmf-dist/tex/generic/catchfile/catchfile.sty
Package: catchfile 2019/12/09 v1.8 Catch the contents of a file (HO)

(/usr/share/texlive/texmf-dist/tex/generic/infwarerr/infwarerr.sty
Package: infwarerr 2019/12/03 v1.5 Providing info/warning/error messages (HO)
)
(/usr/share/texlive/texmf-dist/tex/generic/ltxcmds/ltxcmds.sty
Package: ltxcmds 2020-05-10 v1.25 LaTeX kernel commands for general use (HO)
)
(/usr/share/texlive/texmf-dist/tex/generic/etexcmds/etexcmds.sty
Package: etexcmds 2019/12/15 v1.7 Avoid name clashes with e-TeX commands (HO)
))
\openout4 = `stdbook.pre'.

)
(/usr/share/texlive/texmf-dist/tex/latex/csvsimple/csvsimple.sty
(/usr/share/texlive/texmf-dist/tex/latex/l3packages/l3keys2e/l3keys2e.sty
(/usr/share/texlive/texmf-dist/tex/latex/l3kernel/expl3.sty
Package: expl3 2022-01-21 L3 programming layer (loader) 

(/usr/share/texlive/texmf-dist/tex/latex/l3backend/l3backend-dvips.def
File: l3backend-dvips.def 2022-01-12 L3 backend support: dvips
\l__pdf_internal_box=\box51
\g__pdf_backend_object_int=\count195
\l__pdf_backend_content_box=\box52
\l__pdf_backend_model_box=\box53
\g__pdf_backend_annotation_int=\count196
\g__pdf_backend_link_int=\count197
\g__pdf_backend_link_sf_int=\count198
))
Package: l3keys2e 2022-01-12 LaTeX2e option processing using LaTeX3 keys
)
Package: csvsimple 2022/02/01 v2.3.0 LaTeX CSV file processing
)
(/usr/share/texlive/texmf-dist/tex/latex/csvsimple/csvsimple-legacy.sty
Package: csvsimple-legacy 2022/02/01 version 2.3.0 LaTeX2e CSV file processing

(/usr/share/texlive/texmf-dist/tex/latex/pgf/utilities/pgfrcs.sty
(/usr/share/texlive/texmf-dist/tex/generic/pgf/utilities/pgfutil-common.tex
\pgfutil@everybye=\toks17
\pgfutil@tempdima=\dimen142
\pgfutil@tempdimb=\dimen143

(/usr/share/texlive/texmf-dist/tex/generic/pgf/utilities/pgfutil-common-lists.t
ex)) (/usr/share/texlive/texmf-dist/tex/generic/pgf/utilities/pgfutil-latex.def
\pgfutil@abb=\box54
) (/usr/share/texlive/texmf-dist/tex/generic/pgf/utilities/pgfrcs.code.tex
(/usr/share/texlive/texmf-dist/tex/generic/pgf/pgf.revision.tex)
Package: pgfrcs 2021/05/15 v3.1.9a (3.1.9a)
))
(/usr/share/texlive/texmf-dist/tex/latex/pgf/utilities/pgfkeys.sty
(/usr/share/texlive/texmf-dist/tex/generic/pgf/utilities/pgfkeys.code.tex
\pgfkeys@pathtoks=\toks18
\pgfkeys@temptoks=\toks19

(/usr/share/texlive/texmf-dist/tex/generic/pgf/utilities/pgfkeysfiltered.code.t
ex
\pgfkeys@tmptoks=\toks20
))) (/usr/share/texlive/texmf-dist/tex/latex/etoolbox/etoolbox.sty
Package: etoolbox 2020/10/05 v2.5k e-TeX tools for LaTeX (JAW)
\etb@tempcnta=\count199
)
(/usr/share/texlive/texmf-dist/tex/latex/tools/shellesc.sty
Package: shellesc 2019/11/08 v1.0c unified shell escape interface for LaTeX
Package shellesc Info: Restricted shell escape enabled on input line 77.
)
\csv@file=\read2
\c@csvinputline=\count266
\c@csvrow=\count267
\c@csvcol=\count268
\csv@out=\write5
)
(/usr/share/texlive/texmf-dist/tex/latex/numprint/numprint.sty
Package: numprint 2012/08/20 v1.39 Print numbers (HH)

(/usr/share/texlive/texmf-dist/tex/latex/tools/array.sty
Package: array 2021/10/04 v2.5f Tabular extension package (FMi)
\col@sep=\dimen144
\ar@mcellbox=\box55
\extrarowheight=\dimen145
\NC@list=\toks21
\extratabsurround=\skip49
\backup@length=\skip50
\ar@cellbox=\box56
)
\c@nprt@mantissa@digitsbefore=\count269
\c@nprt@mantissa@digitsafter=\count270
\c@nprt@exponent@digitsbefore=\count271
\c@nprt@exponent@digitsafter=\count272
\nprt@digitwidth=\skip51
\nprt@sepwidth=\skip52
\nprt@decimalwidth=\skip53
\nprt@blockwidth=\skip54
\nprt@digittoks=\toks22
\nprt@pretoks=\toks23
\nprt@posttoks=\toks24
\nprt@thisdigit=\count273
\nprt@curpos=\count274
\nprt@rndpos=\count275
\c@nprt@digitsfirstblock=\count276
\c@nprt@blockcnt=\count277
\c@nprt@cntprint=\count278

No configuration file `numprint.cfg' found.)
(/usr/share/texlive/texmf-dist/tex/latex/tools/tabularx.sty
Package: tabularx 2020/01/15 v2.11c `tabularx' package (DPC)
\TX@col@width=\dimen146
\TX@old@table=\dimen147
\TX@old@col=\dimen148
\TX@target=\dimen149
\TX@delta=\dimen150
\TX@cols=\count279
\TX@ftn=\toks25
)
(/usr/share/texlive/texmf-dist/tex/latex/colortbl/colortbl.sty
Package: colortbl 2020/01/04 v1.0e Color table columns (DPC)

(/usr/share/texlive/texmf-dist/tex/latex/graphics/color.sty
Package: color 2021/12/07 v1.3c Standard LaTeX Color (DPC)

(/usr/share/texlive/texmf-dist/tex/latex/graphics-cfg/color.cfg
File: color.cfg 2016/01/02 v1.6 sample color configuration
)
Package color Info: Driver file: dvips.def on input line 149.

(/usr/share/texlive/texmf-dist/tex/latex/graphics/dvipsnam.def
File: dvipsnam.def 2016/06/17 v3.0m Driver-dependent file (DPC,SPQR)
))
\everycr=\toks26
\minrowclearance=\skip55
)
(/usr/share/texlive/texmf-dist/tex/latex/spreadtab/spreadtab.sty
Package: spreadtab 2019/02/27 v0.5 Spreadsheet features for table environments 
(CT)

(/usr/share/texlive/texmf-dist/tex/generic/xstring/xstring.sty
(/usr/share/texlive/texmf-dist/tex/generic/xstring/xstring.tex
\integerpart=\count280
\decimalpart=\count281
)
Package: xstring 2021/07/21 v1.84 String manipulations (CT)
)
(/usr/share/texlive/texmf-dist/tex/latex/fp/fp.sty
Package: fp 1995/04/02

`Fixed Point Package', Version 0.8, April 2, 1995 (C) Michael Mehlich
(/usr/share/texlive/texmf-dist/tex/latex/fp/defpattern.sty
Package: defpattern 1994/10/12
\actioncount=\count282
)
(/usr/share/texlive/texmf-dist/tex/latex/fp/fp-basic.sty
Package: fp-basic 1996/05/13
\FP@xs=\count283
\FP@xia=\count284
\FP@xib=\count285
\FP@xfa=\count286
\FP@xfb=\count287
\FP@rega=\count288
\FP@regb=\count289
\FP@regs=\count290
\FP@times=\count291
)
(/usr/share/texlive/texmf-dist/tex/latex/fp/fp-addons.sty
Package: fp-addons 1995/03/15
)
(/usr/share/texlive/texmf-dist/tex/latex/fp/fp-snap.sty
Package: fp-snap 1995/04/05
)
(/usr/share/texlive/texmf-dist/tex/latex/fp/fp-exp.sty
Package: fp-exp 1995/04/03
)
(/usr/share/texlive/texmf-dist/tex/latex/fp/fp-trigo.sty
Package: fp-trigo 1995/04/14
)
(/usr/share/texlive/texmf-dist/tex/latex/fp/fp-pas.sty
Package: fp-pas 1994/08/29
)
(/usr/share/texlive/texmf-dist/tex/latex/fp/fp-random.sty
Package: fp-random 1995/02/23
\FPseed=\count292
)
(/usr/share/texlive/texmf-dist/tex/latex/fp/fp-eqn.sty
Package: fp-eqn 1995/04/03
)
(/usr/share/texlive/texmf-dist/tex/latex/fp/fp-upn.sty
Package: fp-upn 1996/10/21
)
(/usr/share/texlive/texmf-dist/tex/latex/fp/fp-eval.sty
Package: fp-eval 1995/04/03
))
spreadtab message: FP calc engine now active
\ST@count=\count293
\ST@colcount=\count294
\ST@colcount@i=\count295
\ST@rowcount=\count296
\ST@rowcount@i=\count297
\ST@intpart=\count298
)
(/usr/share/texlive/texmf-dist/tex/generic/babel/babel.sty
Package: babel 2022/01/26 3.70 The Babel package
\babel@savecnt=\count299
\U@D=\dimen151
\l@unhyphenated=\language10

(/usr/share/texlive/texmf-dist/tex/generic/babel/txtbabel.def)
\bbl@readstream=\read3
\bbl@dirlevel=\count300

(/usr/share/texlive/texmf-dist/tex/generic/babel-spanish/spanish.ldf
Language: spanish.ldf 2021/05/27 v5.0q Spanish support from the babel system
\es@quottoks=\toks27
\es@quotdepth=\count301
Package babel Info: Making " an active character on input line 570.
Package babel Info: Making . an active character on input line 675.
Package babel Info: Making < an active character on input line 722.
Package babel Info: Making > an active character on input line 722.
))
(/usr/share/texlive/texmf-dist/tex/latex/amsmath/amsmath.sty
Package: amsmath 2021/10/15 v2.17l AMS math features
\@mathmargin=\skip56

For additional information on amsmath, use the `?' option.
(/usr/share/texlive/texmf-dist/tex/latex/amsmath/amstext.sty
Package: amstext 2021/08/26 v2.01 AMS text

(/usr/share/texlive/texmf-dist/tex/latex/amsmath/amsgen.sty
File: amsgen.sty 1999/11/30 v2.0 generic functions
\@emptytoks=\toks28
\ex@=\dimen152
))
(/usr/share/texlive/texmf-dist/tex/latex/amsmath/amsbsy.sty
Package: amsbsy 1999/11/29 v1.2d Bold Symbols
\pmbraise@=\dimen153
)
(/usr/share/texlive/texmf-dist/tex/latex/amsmath/amsopn.sty
Package: amsopn 2021/08/26 v2.02 operator names
)
\inf@bad=\count302
LaTeX Info: Redefining \frac on input line 234.
\uproot@=\count303
\leftroot@=\count304
LaTeX Info: Redefining \overline on input line 399.
\classnum@=\count305
\DOTSCASE@=\count306
LaTeX Info: Redefining \ldots on input line 496.
LaTeX Info: Redefining \dots on input line 499.
LaTeX Info: Redefining \cdots on input line 620.
\Mathstrutbox@=\box57
\strutbox@=\box58
\big@size=\dimen154
LaTeX Font Info:    Redeclaring font encoding OML on input line 743.
LaTeX Font Info:    Redeclaring font encoding OMS on input line 744.
\macc@depth=\count307
\c@MaxMatrixCols=\count308
\dotsspace@=\muskip16
\c@parentequation=\count309
\dspbrk@lvl=\count310
\tag@help=\toks29
\row@=\count311
\column@=\count312
\maxfields@=\count313
\andhelp@=\toks30
\eqnshift@=\dimen155
\alignsep@=\dimen156
\tagshift@=\dimen157
\tagwidth@=\dimen158
\totwidth@=\dimen159
\lineht@=\dimen160
\@envbody=\toks31
\multlinegap=\skip57
\multlinetaggap=\skip58
\mathdisplay@stack=\toks32
LaTeX Info: Redefining \[ on input line 2938.
LaTeX Info: Redefining \] on input line 2939.
)
(/usr/share/texlive/texmf-dist/tex/latex/amsfonts/amsfonts.sty
Package: amsfonts 2013/01/14 v3.01 Basic AMSFonts support
\symAMSa=\mathgroup4
\symAMSb=\mathgroup5
LaTeX Font Info:    Redeclaring math symbol \hbar on input line 98.
LaTeX Font Info:    Overwriting math alphabet `\mathfrak' in version `bold'
(Font)                  U/euf/m/n --> U/euf/b/n on input line 106.
)
(/usr/share/texlive/texmf-dist/tex/latex/tools/longtable.sty
Package: longtable 2021-09-01 v4.17 Multi-page Table package (DPC)
\LTleft=\skip59
\LTright=\skip60
\LTpre=\skip61
\LTpost=\skip62
\LTchunksize=\count314
\LTcapwidth=\dimen161
\LT@head=\box59
\LT@firsthead=\box60
\LT@foot=\box61
\LT@lastfoot=\box62
\LT@gbox=\box63
\LT@cols=\count315
\LT@rows=\count316
\c@LT@tables=\count317
\c@LT@chunks=\count318
\LT@p@ftn=\toks33
)
(/usr/share/texlive/texmf-dist/tex/latex/booktabs/booktabs.sty
Package: booktabs 2020/01/12 v1.61803398 Publication quality tables
\heavyrulewidth=\dimen162
\lightrulewidth=\dimen163
\cmidrulewidth=\dimen164
\belowrulesep=\dimen165
\belowbottomsep=\dimen166
\aboverulesep=\dimen167
\abovetopsep=\dimen168
\cmidrulesep=\dimen169
\cmidrulekern=\dimen170
\defaultaddspace=\dimen171
\@cmidla=\count319
\@cmidlb=\count320
\@aboverulesep=\dimen172
\@belowrulesep=\dimen173
\@thisruleclass=\count321
\@lastruleclass=\count322
\@thisrulewidth=\dimen174
)
(/usr/share/texlive/texmf-dist/tex/latex/apacite/apacite.sty
Package: apacite 2013/07/21 v6.03 APA citation
\c@BibCnt=\count323
\bibleftmargin=\skip63
\bibindent=\skip64
\bibparsep=\skip65
\bibitemsep=\skip66
\biblabelsep=\skip67
)
(/usr/share/texlive/texmf-dist/tex/latex/usebib/usebib.sty
Package: usebib 2012/03/17 v1.0 Reusing bib files

(/usr/share/texlive/texmf-dist/tex/latex/url/url.sty
\Urlmuskip=\muskip17
Package: url 2013/09/16  ver 3.4  Verb mode for urls, etc.
)) (./bb.bib)
(/usr/share/texlive/texmf-dist/tex/latex/base/makeidx.sty
Package: makeidx 2021/10/04 v1.0m Standard LaTeX package
)
\@indexfile=\write6
\openout6 = `stdbook.idx'.


Writing index file stdbook.idx
\c@comen=\count324
\c@thm=\count325
\c@lem=\count326
\c@cor=\count327
\c@prop=\count328
\c@rem=\count329
\c@ill=\count330
(./stdbook.aux
LaTeX Info: Redefining \. on input line 8.
LaTeX Info: Redefining \% on input line 8.


LaTeX Warning: Label `tab:w1wwwww' multiply defined.


LaTeX Warning: Label `tab:w1wwwww' multiply defined.


LaTeX Warning: Label `tab:w1wwwww' multiply defined.


LaTeX Warning: Label `tab:w1wwwww' multiply defined.


LaTeX Warning: Label `tab:w1wwwww' multiply defined.


LaTeX Warning: Label `tab:w1wwwww' multiply defined.

)
\openout1 = `stdbook.aux'.

LaTeX Font Info:    Checking defaults for OML/cmm/m/it on input line 56.
LaTeX Font Info:    ... okay on input line 56.
LaTeX Font Info:    Checking defaults for OMS/cmsy/m/n on input line 56.
LaTeX Font Info:    ... okay on input line 56.
LaTeX Font Info:    Checking defaults for OT1/cmr/m/n on input line 56.
LaTeX Font Info:    ... okay on input line 56.
LaTeX Font Info:    Checking defaults for T1/cmr/m/n on input line 56.
LaTeX Font Info:    ... okay on input line 56.
LaTeX Font Info:    Checking defaults for TS1/cmr/m/n on input line 56.
LaTeX Font Info:    ... okay on input line 56.
LaTeX Font Info:    Checking defaults for OMX/cmex/m/n on input line 56.
LaTeX Font Info:    ... okay on input line 56.
LaTeX Font Info:    Checking defaults for U/cmr/m/n on input line 56.
LaTeX Font Info:    ... okay on input line 56.
LaTeX Info: Redefining \. on input line 56.
LaTeX Info: Redefining \% on input line 56.
\c@maskedRefs=\count331
 (/usr/share/texlive/texmf-dist/tex/latex/apacite/spanish.apc
File: spanish.apc 2013/07/21 v6.03 apacite language file
LaTeX Info: Redefining \BPBI on input line 138.
LaTeX Info: Redefining \BHBI on input line 139.
)
\openout3 = `asy/stdbook-1.asy'.



Package asymptote Warning: file `asy/stdbook-1.eps' not found on input line 99.


LaTeX Font Info:    Font shape `OT1/cmtt/bx/n' in size <10> not available
(Font)              Font shape `OT1/cmtt/m/n' tried instead on input line 103.
[1

]
Underfull \hbox (badness 10000) in paragraph at lines 116--117

 []


Underfull \hbox (badness 10000) in paragraph at lines 118--121

 []

\openout3 = `asy/stdbook-2.asy'.


Package asymptote Warning: file `asy/stdbook-2.eps' not found on input line 149
.


Overfull \hbox (11.99689pt too wide) in paragraph at lines 152--160
\OT1/cmtt/m/n/10 Todos los derechos reservados. Ninguna parte de esto libro pue
de ser
 []


Overfull \hbox (1.49698pt too wide) in paragraph at lines 152--160
\OT1/cmtt/m/n/10 reproducido en cualquier forma, o por cualquier medio, sin per
miso
 []

[2] (./stdbook.toc
LaTeX Info: Redefining \. on input line 1.
LaTeX Info: Redefining \% on input line 1.


LaTeX Font Warning: Font shape `OT1/cmr/bx/sc' undefined
(Font)              using `OT1/cmr/bx/n' instead on input line 2.


Package spanish Warning: Replacing `OT1/cmr/bx/sc' by 
(spanish)                faked small caps on input line 2.


Package spanish Warning: Replacing `OT1/cmr/bx/sc' by 
(spanish)                faked small caps on input line 3.


Package spanish Warning: Replacing `OT1/cmr/bx/sc' by 
(spanish)                faked small caps on input line 4.


Package spanish Warning: Replacing `OT1/cmr/bx/sc' by 
(spanish)                faked small caps on input line 5.


Package spanish Warning: Replacing `OT1/cmr/bx/sc' by 
(spanish)                faked small caps on input line 7.


Package spanish Warning: Replacing `OT1/cmr/bx/sc' by 
(spanish)                faked small caps on input line 8.


Package spanish Warning: Replacing `OT1/cmr/bx/sc' by 
(spanish)                faked small caps on input line 9.

)
\tf@toc=\write7
\openout7 = `stdbook.toc'.

 [1

]
LaTeX Info: Redefining \. on input line 171.
LaTeX Info: Redefining \% on input line 171.
 [2

] (./stdbook.lof
LaTeX Info: Redefining \. on input line 1.
LaTeX Info: Redefining \% on input line 1.
LaTeX Font Info:    Trying to load font information for U+msa on input line 3.

(/usr/share/texlive/texmf-dist/tex/latex/amsfonts/umsa.fd
File: umsa.fd 2013/01/14 v3.01 AMS symbols A
)
LaTeX Font Info:    Trying to load font information for U+msb on input line 3.

(/usr/share/texlive/texmf-dist/tex/latex/amsfonts/umsb.fd
File: umsb.fd 2013/01/14 v3.01 AMS symbols B
))
\tf@lof=\write8
\openout8 = `stdbook.lof'.

 [3]
LaTeX Info: Redefining \. on input line 175.
LaTeX Info: Redefining \% on input line 175.
 [4

]
(./stdbook.lot
LaTeX Info: Redefining \. on input line 1.
LaTeX Info: Redefining \% on input line 1.
)
\tf@lot=\write9
\openout9 = `stdbook.lot'.

 [5]
LaTeX Info: Redefining \. on input line 181.
LaTeX Info: Redefining \% on input line 181.
 [6


]
Overfull \hbox (74.92773pt too wide) in paragraph at lines 184--188
[]$[]$ \OT1/cmr/m/n/10 Dou-ble un-der-li-ned text $[]$ $[]$ 
 []

[7]
LaTeX Info: Redefining \. on input line 205.
LaTeX Info: Redefining \% on input line 205.
 [8

]
Cap\'{\i }tulo 1.
\openout3 = `asy/stdbook-3.asy'.


Package asymptote Warning: file `asy/stdbook-3.eps' not found on input line 270
.

\openout3 = `asy/stdbook-4.asy'.


Package asymptote Warning: file `asy/stdbook-4.eps' not found on input line 301
.

\openout3 = `asy/stdbook-5.asy'.


Package asymptote Warning: file `asy/stdbook-5.eps' not found on input line 331
.

[1]
\openout3 = `asy/stdbook-6.asy'.



Package asymptote Warning: file `asy/stdbook-6.eps' not found on input line 383
.

LaTeX Info: Redefining \. on input line 420.
LaTeX Info: Redefining \% on input line 420.
[2]
Overfull \hbox (29.66606pt too wide) in alignment at lines 423--430
 [] [] [] [] [] [] [] [] [] [] [] [] [] [] 
 []


Overfull \hbox (29.66606pt too wide) in alignment at lines 430--434
 [] [] [] [] [] [] [] [] [] [] [] [] [] [] 
 []


Overfull \hbox (29.66606pt too wide) in alignment at lines 434--437
 [] [] [] [] [] [] [] [] [] [] [] [] [] [] 
 []


Overfull \hbox (29.66606pt too wide) in alignment at lines 437--439
 [] [] [] [] [] [] [] [] [] [] [] [] [] [] 
 []


Overfull \hbox (29.66606pt too wide) in alignment at lines 439--449
 [] [] [] [] [] [] [] [] [] [] [] [] [] [] 
 []


Overfull \hbox (29.66606pt too wide) in alignment at lines 454--461
 [] [] [] [] [] [] [] [] [] [] [] [] [] [] 
 []


Overfull \hbox (29.66606pt too wide) in alignment at lines 461--465
 [] [] [] [] [] [] [] [] [] [] [] [] [] [] 
 []


Overfull \hbox (29.66606pt too wide) in alignment at lines 465--468
 [] [] [] [] [] [] [] [] [] [] [] [] [] [] 
 []


Overfull \hbox (29.66606pt too wide) in alignment at lines 468--470
 [] [] [] [] [] [] [] [] [] [] [] [] [] [] 
 []


Overfull \hbox (29.66606pt too wide) in alignment at lines 470--480
 [] [] [] [] [] [] [] [] [] [] [] [] [] [] 
 []


Overfull \hbox (29.66606pt too wide) in alignment at lines 483--490
 [] [] [] [] [] [] [] [] [] [] [] [] [] [] 
 []


Overfull \hbox (29.66606pt too wide) in alignment at lines 490--494
 [] [] [] [] [] [] [] [] [] [] [] [] [] [] 
 []


Overfull \hbox (29.66606pt too wide) in alignment at lines 494--497
 [] [] [] [] [] [] [] [] [] [] [] [] [] [] 
 []


Overfull \hbox (29.66606pt too wide) in alignment at lines 497--499
 [] [] [] [] [] [] [] [] [] [] [] [] [] [] 
 []


Overfull \hbox (29.66606pt too wide) in alignment at lines 499--509
 [] [] [] [] [] [] [] [] [] [] [] [] [] [] 
 []

[3]
Overfull \hbox (29.66606pt too wide) in alignment at lines 510--517
 [] [] [] [] [] [] [] [] [] [] [] [] [] [] 
 []


Overfull \hbox (29.66606pt too wide) in alignment at lines 517--521
 [] [] [] [] [] [] [] [] [] [] [] [] [] [] 
 []


Overfull \hbox (29.66606pt too wide) in alignment at lines 521--524
 [] [] [] [] [] [] [] [] [] [] [] [] [] [] 
 []


Overfull \hbox (29.66606pt too wide) in alignment at lines 524--526
 [] [] [] [] [] [] [] [] [] [] [] [] [] [] 
 []


Overfull \hbox (29.66606pt too wide) in alignment at lines 526--536
 [] [] [] [] [] [] [] [] [] [] [] [] [] [] 
 []


Overfull \hbox (29.66606pt too wide) in alignment at lines 537--544
 [] [] [] [] [] [] [] [] [] [] [] [] [] [] 
 []


Overfull \hbox (29.66606pt too wide) in alignment at lines 544--548
 [] [] [] [] [] [] [] [] [] [] [] [] [] [] 
 []


Overfull \hbox (29.66606pt too wide) in alignment at lines 548--551
 [] [] [] [] [] [] [] [] [] [] [] [] [] [] 
 []


Overfull \hbox (29.66606pt too wide) in alignment at lines 551--553
 [] [] [] [] [] [] [] [] [] [] [] [] [] [] 
 []


Overfull \hbox (29.66606pt too wide) in alignment at lines 553--563
 [] [] [] [] [] [] [] [] [] [] [] [] [] [] 
 []


Overfull \hbox (29.66606pt too wide) in alignment at lines 564--571
 [] [] [] [] [] [] [] [] [] [] [] [] [] [] 
 []


Overfull \hbox (29.66606pt too wide) in alignment at lines 571--575
 [] [] [] [] [] [] [] [] [] [] [] [] [] [] 
 []


Overfull \hbox (29.66606pt too wide) in alignment at lines 575--578
 [] [] [] [] [] [] [] [] [] [] [] [] [] [] 
 []


Overfull \hbox (29.66606pt too wide) in alignment at lines 578--580
 [] [] [] [] [] [] [] [] [] [] [] [] [] [] 
 []


Overfull \hbox (29.66606pt too wide) in alignment at lines 580--590
 [] [] [] [] [] [] [] [] [] [] [] [] [] [] 
 []

\openout3 = `asy/stdbook-7.asy'.


Package asymptote Warning: file `asy/stdbook-7.eps' not found on input line 625
.

\openout3 = `asy/stdbook-8.asy'.


Package asymptote Warning: file `asy/stdbook-8.eps' not found on input line 645
.

\openout3 = `asy/stdbook-9.asy'.


Package asymptote Warning: file `asy/stdbook-9.eps' not found on input line 689
.

\openout3 = `asy/stdbook-10.asy'.


Package asymptote Warning: file `asy/stdbook-10.eps' not found on input line 75
9.

\openout3 = `asy/stdbook-11.asy'.


Package asymptote Warning: file `asy/stdbook-11.eps' not found on input line 80
4.

(./stdbook.bbl
LaTeX Info: Redefining \. on input line 1.
LaTeX Info: Redefining \% on input line 1.
 [4] [5]
LaTeX Info: Redefining \. on input line 1.
LaTeX Info: Redefining \% on input line 1.
 [6

]

LaTeX Warning: Empty `thebibliography' environment on input line 3.

) (./stdbook.ind) [1]
LaTeX Info: Redefining \. on input line 832.
LaTeX Info: Redefining \% on input line 832.
 [2

]
Ap\'{e}ndice A.

Overfull \hbox (141.6671pt too wide) in paragraph at lines 833--835
[]\OT1/cmr/m/n/10 wwwwwwwwwwwwwwwwwwwwwwwwwwwwwwwwww wwwwwwwwwwwwwwwwwwwwwwwwww
wwwww 
 []

[3] (./stdbook.aux
LaTeX Info: Redefining \. on input line 8.
LaTeX Info: Redefining \% on input line 8.
)

LaTeX Font Warning: Some font shapes were not available, defaults substituted.


LaTeX Warning: There were multiply-defined labels.

 ) 
Here is how much of TeX's memory you used:
 8507 strings out of 480113
 148080 string characters out of 5892657
 522491 words of memory out of 5000000
 26264 multiletter control sequences out of 15000+600000
 474570 words of font info for 48 fonts, out of 8000000 for 9000
 85 hyphenation exceptions out of 8191
 70i,7n,77p,760b,469s stack positions out of 5000i,500n,10000p,200000b,80000s

Output written on stdbook.dvi (19 pages, 31488 bytes).
